<?xml version="1.0" encoding="UTF-8"?>
<testng-results skipped="0" failed="0" ignored="0" total="1" passed="1">
  <reporter-output>
  </reporter-output>
  <suite name="Default suite" duration-ms="23963" started-at="2020-01-06T12:36:56Z" finished-at="2020-01-06T12:37:20Z">
    <groups>
    </groups>
    <test name="Default test" duration-ms="23963" started-at="2020-01-06T12:36:56Z" finished-at="2020-01-06T12:37:20Z">
      <class name="com.qa.LI.tests.LoginTest">
        <test-method status="PASS" signature="loginTest()[pri:0, instance:com.qa.LI.tests.LoginTest@29ee9faa]" name="loginTest" duration-ms="23892" started-at="2020-01-06T18:06:56Z" finished-at="2020-01-06T18:07:20Z">
          <reporter-output>
          </reporter-output>
        </test-method> <!-- loginTest -->
      </class> <!-- com.qa.LI.tests.LoginTest -->
    </test> <!-- Default test -->
  </suite> <!-- Default suite -->
</testng-results>
